<?xml version="1.0" encoding="UTF-8"?>
<!-- Generated by org.testng.reporters.JUnitReportReporter -->
<testsuite hostname="DESKTOP-QVQUTI8" failures="0" tests="1" name="electronics.TC_DWS_020_Test" time="4.147" errors="0" timestamp="2025-05-14T08:50:13 IST" skipped="0">
  <testcase classname="electronics.TC_DWS_020_Test" name="clickOnElectronics" time="4.147"/>
</testsuite> <!-- electronics.TC_DWS_020_Test -->
