<?xml version="1.0" encoding="UTF-8"?>
<!-- Generated by org.testng.reporters.JUnitReportReporter -->
<testsuite hostname="DESKTOP-QVQUTI8" failures="0" tests="1" name="books.TC_DWS_001_Test" time="4.028" errors="0" timestamp="2025-05-14T08:50:13 IST" skipped="0">
  <testcase classname="books.TC_DWS_001_Test" name="clickOnBooks" time="4.028"/>
</testsuite> <!-- books.TC_DWS_001_Test -->
