<?xml version="1.0" encoding="UTF-8"?>
<!-- Generated by org.testng.reporters.JUnitReportReporter -->
<testsuite hostname="DESKTOP-QVQUTI8" failures="0" tests="1" name="computers.TC_DWS_C001_Test" time="5.016" errors="0" timestamp="2025-05-14T08:07:35 IST" skipped="0">
  <testcase classname="computers.TC_DWS_C001_Test" name="clickonComputers" time="5.016"/>
</testsuite> <!-- computers.TC_DWS_C001_Test -->
